<?xml version="1.0" encoding="UTF-8" ?>
<testsuites>
  <testsuite errors="0" failures="0" hostname="DESKTOP-SG10FJA" id="0" name="MyLinkedListTest" package="com.ant" skipped="0" tests="3" time="0.077" timestamp="2021-11-23T01:54:20">
      <properties>
[...]
</properties>

      <testcase classname="com.ant.MyLinkedListTest" name="testAddE" time="0.003" />

      <testcase classname="com.ant.MyLinkedListTest" name="testPush" time="0.0" />

      <testcase classname="com.ant.MyLinkedListTest" name="testRemoveObject" time="0.0" />

      <system-out><![CDATA[]]></system-out>

      <system-err><![CDATA[]]></system-err>

  </testsuite>
</testsuites>
